{"numTotalTestSuites":8,"numPassedTestSuites":8,"numFailedTestSuites":0,"numPendingTestSuites":0,"numTotalTests":38,"numPassedTests":38,"numFailedTests":0,"numPendingTests":0,"numTodoTests":0,"snapshot":{"added":0,"failure":false,"filesAdded":0,"filesRemoved":0,"filesRemovedList":[],"filesUnmatched":0,"filesUpdated":0,"matched":0,"total":0,"unchecked":0,"uncheckedKeysByFile":[],"unmatched":0,"updated":0,"didUpdate":false},"startTime":1790238434341,"success":true,"testResults":[{"assertionResults":[{"ancestorTitles":["KnowledgeBase — format, versioning, modular registry"],"fullName":"KnowledgeBase — format, versioning, modular registry schema version is 1.0.0","status":"passed","title":"schema version is 1.0.0","duration":3.7024000000000115,"failureMessages":[],"meta":{},"tags":[]},{"ancestorTitles":["KnowledgeBase — format, versioning, modular registry"],"fullName":"KnowledgeBase — format, versioning, modular registry exposes exactly 18 knowledge domains","status":"passed","title":"exposes exactly 18 knowledge domains","duration":2.74350000000004,"failureMessages":[],"meta":{},"tags":[]},{"ancestorTitles":["KnowledgeBase — format, versioning, modular registry"],"fullName":"KnowledgeBase — format, versioning, modular registry registry loads with stamped schemaVersion and no duplicate ids","status":"passed","title":"registry loads with stamped schemaVersion and no duplicate ids","duration":6.598999999999933,"failureMessages":[],"meta":{},"tags":[]},{"ancestorTitles":["KnowledgeBase — format, versioning, modular registry"],"fullName":"KnowledgeBase — format, versioning, modular registry every entry follows the uniform knowledge format","status":"passed","title":"every entry follows the uniform knowledge format","duration":31.996800000000007,"failureMessages":[],"meta":{},"tags":[]},{"ancestorTitles":["KnowledgeBase — format, versioning, modular registry"],"fullName":"KnowledgeBase — format, versioning, modular registry every domain listed in KNOWLEDGE_DOMAINS is queryable via getEntriesByDomain","status":"passed","title":"every domain listed in KNOWLEDGE_DOMAINS is queryable via getEntriesByDomain","duration":1.9543999999999642,"failureMessages":[],"meta":{},"tags":[]},{"ancestorTitles":["KnowledgeBase — format, versioning, modular registry"],"fullName":"KnowledgeBase — format, versioning, modular registry all 18 domain ids are registered","status":"passed","title":"all 18 domain ids are registered","duration":0.560100000000034,"failureMessages":[],"meta":{},"tags":[]},{"ancestorTitles":["KnowledgeBase — format, versioning, modular registry"],"fullName":"KnowledgeBase — format, versioning, modular registry provides ≥20 industry patterns across industries","status":"passed","title":"provides ≥20 industry patterns across industries","duration":0.44290000000000873,"failureMessages":[],"meta":{},"tags":[]},{"ancestorTitles":["KnowledgeBase — format, versioning, modular registry"],"fullName":"KnowledgeBase — format, versioning, modular registry provides anti-pattern domain entries (≥10)","status":"passed","title":"provides anti-pattern domain entries (≥10)","duration":0.254099999999994,"failureMessages":[],"meta":{},"tags":[]},{"ancestorTitles":["KnowledgeBase — format, versioning, modular registry"],"fullName":"KnowledgeBase — format, versioning, modular registry provides QA framework with ≥20 checks across categories","status":"passed","title":"provides QA framework with ≥20 checks across categories","duration":0.40800000000001546,"failureMessages":[],"meta":{},"tags":[]},{"ancestorTitles":["KnowledgeBase — format, versioning, modular registry"],"fullName":"KnowledgeBase — format, versioning, modular registry provides ≥20 training cases covering levels 1–5","status":"passed","title":"provides ≥20 training cases covering levels 1–5","duration":1.6947000000000116,"failureMessages":[],"meta":{},"tags":[]},{"ancestorTitles":["KnowledgeBase — format, versioning, modular registry"],"fullName":"KnowledgeBase — format, versioning, modular registry provides website blueprints (≥10) with IA→CTA path","status":"passed","title":"provides website blueprints (≥10) with IA→CTA path","duration":0.42079999999998563,"failureMessages":[],"meta":{},"tags":[]},{"ancestorTitles":["KnowledgeBase — format, versioning, modular registry"],"fullName":"KnowledgeBase — format, versioning, modular registry getEntryById resolves stamped entries","status":"passed","title":"getEntryById resolves stamped entries","duration":0.276299999999992,"failureMessages":[],"meta":{},"tags":[]},{"ancestorTitles":["KnowledgeBase — format, versioning, modular registry"],"fullName":"KnowledgeBase — format, versioning, modular registry knowledge imports stay pure (no execution layer)","status":"passed","title":"knowledge imports stay pure (no execution layer)","duration":10.339800000000082,"failureMessages":[],"meta":{},"tags":[]}],"startTime":1790238436137,"endTime":1790238436198.3398,"status":"passed","message":"","name":"C:/Users/HP/Documents/GOOGLE ANTIGRAVITY APK/WEB FACTOR/src/lib/knowledge/__tests__/KnowledgeBase.test.ts"},{"assertionResults":[{"ancestorTitles":["Knowledge Retrieval — brief → DecisionContext"],"fullName":"Knowledge Retrieval — brief → DecisionContext extractBriefSignals detects dental specializations","status":"passed","title":"extractBriefSignals detects dental specializations","duration":2.7509999999999764,"failureMessages":[],"meta":{},"tags":[]},{"ancestorTitles":["Knowledge Retrieval — brief → DecisionContext"],"fullName":"Knowledge Retrieval — brief → DecisionContext dentist brief retrieves dental industry pattern + blueprint + CTA","status":"passed","title":"dentist brief retrieves dental industry pattern + blueprint + CTA","duration":20.273300000000063,"failureMessages":[],"meta":{},"tags":[]},{"ancestorTitles":["Knowledge Retrieval — brief → DecisionContext"],"fullName":"Knowledge Retrieval — brief → DecisionContext retrieval is compact (not the whole knowledge base)","status":"passed","title":"retrieval is compact (not the whole knowledge base)","duration":28.121899999999982,"failureMessages":[],"meta":{},"tags":[]},{"ancestorTitles":["Knowledge Retrieval — brief → DecisionContext"],"fullName":"Knowledge Retrieval — brief → DecisionContext different briefs retrieve different top entries (relevance, not hardcoded)","status":"passed","title":"different briefs retrieve different top entries (relevance, not hardcoded)","duration":16.35209999999995,"failureMessages":[],"meta":{},"tags":[]},{"ancestorTitles":["Knowledge Retrieval — brief → DecisionContext"],"fullName":"Knowledge Retrieval — brief → DecisionContext empty/noisy brief yields honest context without fabricating pattern claims","status":"passed","title":"empty/noisy brief yields honest context without fabricating pattern claims","duration":4.665700000000015,"failureMessages":[],"meta":{},"tags":[]},{"ancestorTitles":["Knowledge Retrieval — brief → DecisionContext"],"fullName":"Knowledge Retrieval — brief → DecisionContext summarizeDecisionContext is single-line and includes counts","status":"passed","title":"summarizeDecisionContext is single-line and includes counts","duration":7.446199999999976,"failureMessages":[],"meta":{},"tags":[]}],"startTime":1790238436131,"endTime":1790238436210.4463,"status":"passed","message":"","name":"C:/Users/HP/Documents/GOOGLE ANTIGRAVITY APK/WEB FACTOR/src/lib/knowledge/__tests__/Retrieval.test.ts"},{"assertionResults":[{"ancestorTitles":["KnowledgeBase — format, versioning, modular registry"],"fullName":"KnowledgeBase — format, versioning, modular registry schema version is 1.0.0","status":"passed","title":"schema version is 1.0.0","duration":2.2934000000000196,"failureMessages":[],"meta":{},"tags":[]},{"ancestorTitles":["KnowledgeBase — format, versioning, modular registry"],"fullName":"KnowledgeBase — format, versioning, modular registry exposes exactly 18 knowledge domains","status":"passed","title":"exposes exactly 18 knowledge domains","duration":2.181699999999978,"failureMessages":[],"meta":{},"tags":[]},{"ancestorTitles":["KnowledgeBase — format, versioning, modular registry"],"fullName":"KnowledgeBase — format, versioning, modular registry registry loads with stamped schemaVersion and no duplicate ids","status":"passed","title":"registry loads with stamped schemaVersion and no duplicate ids","duration":4.961999999999989,"failureMessages":[],"meta":{},"tags":[]},{"ancestorTitles":["KnowledgeBase — format, versioning, modular registry"],"fullName":"KnowledgeBase — format, versioning, modular registry every entry follows the uniform knowledge format","status":"passed","title":"every entry follows the uniform knowledge format","duration":31.492000000000075,"failureMessages":[],"meta":{},"tags":[]},{"ancestorTitles":["KnowledgeBase — format, versioning, modular registry"],"fullName":"KnowledgeBase — format, versioning, modular registry every domain listed in KNOWLEDGE_DOMAINS is queryable via getEntriesByDomain","status":"passed","title":"every domain listed in KNOWLEDGE_DOMAINS is queryable via getEntriesByDomain","duration":2.3700999999999794,"failureMessages":[],"meta":{},"tags":[]},{"ancestorTitles":["KnowledgeBase — format, versioning, modular registry"],"fullName":"KnowledgeBase — format, versioning, modular registry all 18 domain ids are registered","status":"passed","title":"all 18 domain ids are registered","duration":0.5759000000000469,"failureMessages":[],"meta":{},"tags":[]},{"ancestorTitles":["KnowledgeBase — format, versioning, modular registry"],"fullName":"KnowledgeBase — format, versioning, modular registry provides ≥20 industry patterns across industries","status":"passed","title":"provides ≥20 industry patterns across industries","duration":0.4654000000000451,"failureMessages":[],"meta":{},"tags":[]},{"ancestorTitles":["KnowledgeBase — format, versioning, modular registry"],"fullName":"KnowledgeBase — format, versioning, modular registry provides anti-pattern domain entries (≥10)","status":"passed","title":"provides anti-pattern domain entries (≥10)","duration":0.2703999999999951,"failureMessages":[],"meta":{},"tags":[]},{"ancestorTitles":["KnowledgeBase — format, versioning, modular registry"],"fullName":"KnowledgeBase — format, versioning, modular registry provides QA framework with ≥20 checks across categories","status":"passed","title":"provides QA framework with ≥20 checks across categories","duration":0.5461999999999989,"failureMessages":[],"meta":{},"tags":[]},{"ancestorTitles":["KnowledgeBase — format, versioning, modular registry"],"fullName":"KnowledgeBase — format, versioning, modular registry provides ≥20 training cases covering levels 1–5","status":"passed","title":"provides ≥20 training cases covering levels 1–5","duration":1.8227000000000544,"failureMessages":[],"meta":{},"tags":[]},{"ancestorTitles":["KnowledgeBase — format, versioning, modular registry"],"fullName":"KnowledgeBase — format, versioning, modular registry provides website blueprints (≥10) with IA→CTA path","status":"passed","title":"provides website blueprints (≥10) with IA→CTA path","duration":0.4777000000000271,"failureMessages":[],"meta":{},"tags":[]},{"ancestorTitles":["KnowledgeBase — format, versioning, modular registry"],"fullName":"KnowledgeBase — format, versioning, modular registry getEntryById resolves stamped entries","status":"passed","title":"getEntryById resolves stamped entries","duration":0.31370000000003984,"failureMessages":[],"meta":{},"tags":[]},{"ancestorTitles":["KnowledgeBase — format, versioning, modular registry"],"fullName":"KnowledgeBase — format, versioning, modular registry knowledge imports stay pure (no execution layer)","status":"passed","title":"knowledge imports stay pure (no execution layer)","duration":8.23230000000001,"failureMessages":[],"meta":{},"tags":[]}],"startTime":1790238436123,"endTime":1790238436179.2324,"status":"passed","message":"","name":"C:/Users/HP/Documents/GOOGLE ANTIGRAVITY APK/WEB FACTOR/.kilo/worktrees/frost-halloumi/src/lib/knowledge/__tests__/KnowledgeBase.test.ts"},{"assertionResults":[{"ancestorTitles":["Knowledge Retrieval — brief → DecisionContext"],"fullName":"Knowledge Retrieval — brief → DecisionContext extractBriefSignals detects dental specializations","status":"passed","title":"extractBriefSignals detects dental specializations","duration":2.8432000000000244,"failureMessages":[],"meta":{},"tags":[]},{"ancestorTitles":["Knowledge Retrieval — brief → DecisionContext"],"fullName":"Knowledge Retrieval — brief → DecisionContext dentist brief retrieves dental industry pattern + blueprint + CTA","status":"passed","title":"dentist brief retrieves dental industry pattern + blueprint + CTA","duration":18.755800000000022,"failureMessages":[],"meta":{},"tags":[]},{"ancestorTitles":["Knowledge Retrieval — brief → DecisionContext"],"fullName":"Knowledge Retrieval — brief → DecisionContext retrieval is compact (not the whole knowledge base)","status":"passed","title":"retrieval is compact (not the whole knowledge base)","duration":31.728500000000054,"failureMessages":[],"meta":{},"tags":[]},{"ancestorTitles":["Knowledge Retrieval — brief → DecisionContext"],"fullName":"Knowledge Retrieval — brief → DecisionContext different briefs retrieve different top entries (relevance, not hardcoded)","status":"passed","title":"different briefs retrieve different top entries (relevance, not hardcoded)","duration":14.152499999999918,"failureMessages":[],"meta":{},"tags":[]},{"ancestorTitles":["Knowledge Retrieval — brief → DecisionContext"],"fullName":"Knowledge Retrieval — brief → DecisionContext empty/noisy brief yields honest context without fabricating pattern claims","status":"passed","title":"empty/noisy brief yields honest context without fabricating pattern claims","duration":3.803399999999897,"failureMessages":[],"meta":{},"tags":[]},{"ancestorTitles":["Knowledge Retrieval — brief → DecisionContext"],"fullName":"Knowledge Retrieval — brief → DecisionContext summarizeDecisionContext is single-line and includes counts","status":"passed","title":"summarizeDecisionContext is single-line and includes counts","duration":7.002100000000041,"failureMessages":[],"meta":{},"tags":[]}],"startTime":1790238436116,"endTime":1790238436195.0022,"status":"passed","message":"","name":"C:/Users/HP/Documents/GOOGLE ANTIGRAVITY APK/WEB FACTOR/.kilo/worktrees/frost-halloumi/src/lib/knowledge/__tests__/Retrieval.test.ts"}]}